{"/Users/jordixhafa/Desktop/calendar-backend/src/config/db.ts": {"path":"/Users/jordixhafa/Desktop/calendar-backend/src/config/db.ts","statementMap":{"0":{"start":{"line":17,"column":0},"end":{"line":17,"column":26}},"1":{"start":{"line":18,"column":0},"end":{"line":18,"column":56}},"2":{"start":{"line":19,"column":0},"end":{"line":19,"column":48}},"3":{"start":{"line":20,"column":0},"end":{"line":20,"column":38}},"4":{"start":{"line":21,"column":0},"end":{"line":21,"column":40}},"5":{"start":{"line":24,"column":18},"end":{"line":24,"column":51}},"6":{"start":{"line":26,"column":13},"end":{"line":30,"column":3}},"7":{"start":{"line":32,"column":25},"end":{"line":40,"column":1}},"8":{"start":{"line":33,"column":2},"end":{"line":39,"column":3}},"9":{"start":{"line":34,"column":4},"end":{"line":34,"column":37}},"10":{"start":{"line":35,"column":4},"end":{"line":35,"column":39}},"11":{"start":{"line":37,"column":4},"end":{"line":37,"column":57}},"12":{"start":{"line":38,"column":4},"end":{"line":38,"column":20}},"13":{"start":{"line":32,"column":13},"end":{"line":32,"column":25}}},"fnMap":{"0":{"name":"(anonymous_1)","decl":{"start":{"line":32,"column":25},"end":{"line":32,"column":30}},"loc":{"start":{"line":32,"column":36},"end":{"line":40,"column":1}}}},"branchMap":{},"s":{"0":1,"1":1,"2":1,"3":1,"4":1,"5":1,"6":1,"7":1,"8":0,"9":0,"10":0,"11":0,"12":0,"13":1},"f":{"0":0},"b":{}}
,"/Users/jordixhafa/Desktop/calendar-backend/src/models/Event.ts": {"path":"/Users/jordixhafa/Desktop/calendar-backend/src/models/Event.ts","statementMap":{"0":{"start":{"line":2,"column":0},"end":{"line":2,"column":null}},"1":{"start":{"line":5,"column":0},"end":{"line":5,"column":30}},"2":{"start":{"line":10,"column":7},"end":{"line":43,"column":null}},"3":{"start":{"line":10,"column":13},"end":{"line":10,"column":18}},"4":{"start":{"line":12,"column":2},"end":{"line":12,"column":null}},"5":{"start":{"line":15,"column":2},"end":{"line":15,"column":null}},"6":{"start":{"line":18,"column":2},"end":{"line":18,"column":null}},"7":{"start":{"line":21,"column":2},"end":{"line":21,"column":null}},"8":{"start":{"line":24,"column":2},"end":{"line":24,"column":null}},"9":{"start":{"line":27,"column":2},"end":{"line":27,"column":null}},"10":{"start":{"line":30,"column":2},"end":{"line":30,"column":null}},"11":{"start":{"line":33,"column":2},"end":{"line":33,"column":null}},"12":{"start":{"line":36,"column":2},"end":{"line":36,"column":null}},"13":{"start":{"line":35,"column":19},"end":{"line":35,"column":23}},"14":{"start":{"line":35,"column":30},"end":{"line":35,"column":38}},"15":{"start":{"line":39,"column":2},"end":{"line":39,"column":null}},"16":{"start":{"line":41,"column":22},"end":{"line":41,"column":null}},"17":{"start":{"line":42,"column":22},"end":{"line":42,"column":null}},"18":{"start":{"line":10,"column":13},"end":{"line":43,"column":null}}},"fnMap":{"0":{"name":"(anonymous_2)","decl":{"start":{"line":35,"column":13},"end":{"line":35,"column":16}},"loc":{"start":{"line":35,"column":19},"end":{"line":35,"column":23}}},"1":{"name":"(anonymous_3)","decl":{"start":{"line":35,"column":25},"end":{"line":35,"column":26}},"loc":{"start":{"line":35,"column":30},"end":{"line":35,"column":38}}}},"branchMap":{},"s":{"0":1,"1":1,"2":1,"3":1,"4":1,"5":1,"6":1,"7":1,"8":1,"9":1,"10":1,"11":1,"12":1,"13":1,"14":1,"15":1,"16":1,"17":1,"18":1},"f":{"0":1,"1":1},"b":{}}
,"/Users/jordixhafa/Desktop/calendar-backend/src/models/User.ts": {"path":"/Users/jordixhafa/Desktop/calendar-backend/src/models/User.ts","statementMap":{"0":{"start":{"line":2,"column":0},"end":{"line":2,"column":null}},"1":{"start":{"line":5,"column":0},"end":{"line":5,"column":32}},"2":{"start":{"line":8,"column":7},"end":{"line":26,"column":null}},"3":{"start":{"line":8,"column":13},"end":{"line":8,"column":17}},"4":{"start":{"line":10,"column":2},"end":{"line":10,"column":null}},"5":{"start":{"line":13,"column":2},"end":{"line":13,"column":null}},"6":{"start":{"line":16,"column":2},"end":{"line":16,"column":null}},"7":{"start":{"line":19,"column":2},"end":{"line":19,"column":null}},"8":{"start":{"line":22,"column":2},"end":{"line":22,"column":null}},"9":{"start":{"line":21,"column":19},"end":{"line":21,"column":24}},"10":{"start":{"line":21,"column":31},"end":{"line":21,"column":38}},"11":{"start":{"line":24,"column":22},"end":{"line":24,"column":null}},"12":{"start":{"line":25,"column":22},"end":{"line":25,"column":null}},"13":{"start":{"line":8,"column":13},"end":{"line":26,"column":null}}},"fnMap":{"0":{"name":"(anonymous_2)","decl":{"start":{"line":21,"column":13},"end":{"line":21,"column":16}},"loc":{"start":{"line":21,"column":19},"end":{"line":21,"column":24}}},"1":{"name":"(anonymous_3)","decl":{"start":{"line":21,"column":26},"end":{"line":21,"column":27}},"loc":{"start":{"line":21,"column":31},"end":{"line":21,"column":38}}}},"branchMap":{},"s":{"0":1,"1":1,"2":1,"3":1,"4":1,"5":1,"6":1,"7":1,"8":1,"9":1,"10":1,"11":1,"12":1,"13":1},"f":{"0":1,"1":1},"b":{}}
}
