TN:
SF:src/config/db.ts
FN:32,(anonymous_1)
FNF:1
FNH:0
FNDA:0,(anonymous_1)
DA:17,1
DA:18,1
DA:19,1
DA:20,1
DA:21,1
DA:24,1
DA:26,1
DA:32,1
DA:33,0
DA:34,0
DA:35,0
DA:37,0
DA:38,0
LF:13
LH:8
BRF:0
BRH:0
end_of_record
TN:
SF:src/models/Event.ts
FN:35,(anonymous_2)
FN:35,(anonymous_3)
FNF:2
FNH:2
FNDA:1,(anonymous_2)
FNDA:1,(anonymous_3)
DA:2,1
DA:5,1
DA:10,1
DA:12,1
DA:15,1
DA:18,1
DA:21,1
DA:24,1
DA:27,1
DA:30,1
DA:33,1
DA:35,1
DA:36,1
DA:39,1
DA:41,1
DA:42,1
LF:16
LH:16
BRF:0
BRH:0
end_of_record
TN:
SF:src/models/User.ts
FN:21,(anonymous_2)
FN:21,(anonymous_3)
FNF:2
FNH:2
FNDA:1,(anonymous_2)
FNDA:1,(anonymous_3)
DA:2,1
DA:5,1
DA:8,1
DA:10,1
DA:13,1
DA:16,1
DA:19,1
DA:21,1
DA:22,1
DA:24,1
DA:25,1
LF:11
LH:11
BRF:0
BRH:0
end_of_record
